<?xml version="1.0" encoding="UTF-8"?>
<!-- Generated by org.testng.reporters.JUnitXMLReporter -->
<testsuite ignored="0" hostname="DELLInspiron15" failures="0" tests="2" name="Validating Login Page" time="11.854" errors="0" timestamp="08 Dec 2020 18:13:32 GMT">
  <testcase classname="framework.FrameworkBuild.HomePage" name="BaseIntialization" time="6.435"/>
  <testcase classname="framework.FrameworkBuild.HomePage" name="BaseIntialization" time="1.512"/>
</testsuite> <!-- Validating Login Page -->
