<?xml version="1.0" encoding="UTF-8"?>
<testsuite xmlns:xsi="http://www.w3.org/2001/XMLSchema-instance" xsi:noNamespaceSchemaLocation="https://maven.apache.org/surefire/maven-surefire-plugin/xsd/surefire-test-report-3.0.xsd" version="3.0" name="TestSuite" time="14.485" tests="7" errors="0" skipped="5" failures="2">
  <properties>
[...]
</properties>
  <testcase name="IniialiseDriver" classname="framework.FrameworkBuild.HomePage" time="7.838">
    <failure message="unknown error: Chrome failed to start: exited normally.&#10;  (unknown error: DevToolsActivePort file doesn&apos;t exist)&#10;  (The process started from chrome location C:\Users\DELL Inspiron 5570\AppData\Local\Google\Chrome\Application\chrome.exe is no longer running, so ChromeDriver is assuming that Chrome has crashed.)&#10;Build info: version: &apos;3.141.59&apos;, revision: &apos;e82be7d358&apos;, time: &apos;2018-11-14T08:17:03&apos;&#10;System info: host: &apos;DELLINSPIRON15&apos;, ip: &apos;192.168.0.104&apos;, os.name: &apos;Windows 10&apos;, os.arch: &apos;amd64&apos;, os.version: &apos;10.0&apos;, java.version: &apos;1.8.0_261&apos;&#10;Driver info: driver.version: ChromeDriver&#10;remote stacktrace: Backtrace:&#10;	Ordinal0 [0x003AD383+3134339]&#10;	Ordinal0 [0x0029A171+2007409]&#10;	Ordinal0 [0x0013AEE8+569064]&#10;	Ordinal0 [0x000BD721+55073]&#10;	Ordinal0 [0x000E0DFC+200188]&#10;	Ordinal0 [0x000E0C1D+199709]&#10;	Ordinal0 [0x000DEB0B+191243]&#10;	Ordinal0 [0x000C2E77+77431]&#10;	Ordinal0 [0x000C3E3E+81470]&#10;	Ordinal0 [0x000C3DC9+81353]&#10;	Ordinal0 [0x002B0CD9+2100441]&#10;	GetHandleVerifier [0x0051B75A+1396954]&#10;	GetHandleVerifier [0x0051B3D9+1396057]&#10;	GetHandleVerifier [0x00527126+1444518]&#10;	GetHandleVerifier [0x0051BCE8+1398376]&#10;	Ordinal0 [0x002A7F51+2064209]&#10;	Ordinal0 [0x002B22EB+2106091]&#10;	Ordinal0 [0x002B2411+2106385]&#10;	Ordinal0 [0x002C49C4+2181572]&#10;	BaseThreadInitThunk [0x77306359+25]&#10;	RtlGetAppContainerNamedObjectPath [0x77648944+228]&#10;	RtlGetAppContainerNamedObjectPath [0x77648914+180]&#10;	(No symbol) [0x00000000]&#10;" type="org.openqa.selenium.WebDriverException"><![CDATA[org.openqa.selenium.WebDriverException: 
unknown error: Chrome failed to start: exited normally.
  (unknown error: DevToolsActivePort file doesn't exist)
  (The process started from chrome location C:\Users\DELL Inspiron 5570\AppData\Local\Google\Chrome\Application\chrome.exe is no longer running, so ChromeDriver is assuming that Chrome has crashed.)
Build info: version: '3.141.59', revision: 'e82be7d358', time: '2018-11-14T08:17:03'
System info: host: 'DELLINSPIRON15', ip: '192.168.0.104', os.name: 'Windows 10', os.arch: 'amd64', os.version: '10.0', java.version: '1.8.0_261'
Driver info: driver.version: ChromeDriver
remote stacktrace: Backtrace:
	Ordinal0 [0x003AD383+3134339]
	Ordinal0 [0x0029A171+2007409]
	Ordinal0 [0x0013AEE8+569064]
	Ordinal0 [0x000BD721+55073]
	Ordinal0 [0x000E0DFC+200188]
	Ordinal0 [0x000E0C1D+199709]
	Ordinal0 [0x000DEB0B+191243]
	Ordinal0 [0x000C2E77+77431]
	Ordinal0 [0x000C3E3E+81470]
	Ordinal0 [0x000C3DC9+81353]
	Ordinal0 [0x002B0CD9+2100441]
	GetHandleVerifier [0x0051B75A+1396954]
	GetHandleVerifier [0x0051B3D9+1396057]
	GetHandleVerifier [0x00527126+1444518]
	GetHandleVerifier [0x0051BCE8+1398376]
	Ordinal0 [0x002A7F51+2064209]
	Ordinal0 [0x002B22EB+2106091]
	Ordinal0 [0x002B2411+2106385]
	Ordinal0 [0x002C49C4+2181572]
	BaseThreadInitThunk [0x77306359+25]
	RtlGetAppContainerNamedObjectPath [0x77648944+228]
	RtlGetAppContainerNamedObjectPath [0x77648914+180]
	(No symbol) [0x00000000]

	at framework.FrameworkBuild.HomePage.IniialiseDriver(HomePage.java:24)
]]></failure>
    <system-out><![CDATA[chrome
]]></system-out>
    <system-err><![CDATA[Starting ChromeDriver 85.0.4183.87 (cd6713ebf92fa1cacc0f1a598df280093af0c5d7-refs/branch-heads/4183@{#1689}) on port 41835
Only local connections are allowed.
Please see https://chromedriver.chromium.org/security-considerations for suggestions on keeping ChromeDriver safe.
ChromeDriver was started successfully.
]]></system-err>
  </testcase>
  <testcase name="BaseIntialization[mohadk1995, 1234](1)" classname="framework.FrameworkBuild.HomePage" time="0">
    <skipped message="unknown error: Chrome failed to start: exited normally.&#10;  (unknown error: DevToolsActivePort file doesn&apos;t exist)&#10;  (The process started from chrome location C:\Users\DELL Inspiron 5570\AppData\Local\Google\Chrome\Application\chrome.exe is no longer running, so ChromeDriver is assuming that Chrome has crashed.)&#10;Build info: version: &apos;3.141.59&apos;, revision: &apos;e82be7d358&apos;, time: &apos;2018-11-14T08:17:03&apos;&#10;System info: host: &apos;DELLINSPIRON15&apos;, ip: &apos;192.168.0.104&apos;, os.name: &apos;Windows 10&apos;, os.arch: &apos;amd64&apos;, os.version: &apos;10.0&apos;, java.version: &apos;1.8.0_261&apos;&#10;Driver info: driver.version: ChromeDriver&#10;remote stacktrace: Backtrace:&#10;	Ordinal0 [0x003AD383+3134339]&#10;	Ordinal0 [0x0029A171+2007409]&#10;	Ordinal0 [0x0013AEE8+569064]&#10;	Ordinal0 [0x000BD721+55073]&#10;	Ordinal0 [0x000E0DFC+200188]&#10;	Ordinal0 [0x000E0C1D+199709]&#10;	Ordinal0 [0x000DEB0B+191243]&#10;	Ordinal0 [0x000C2E77+77431]&#10;	Ordinal0 [0x000C3E3E+81470]&#10;	Ordinal0 [0x000C3DC9+81353]&#10;	Ordinal0 [0x002B0CD9+2100441]&#10;	GetHandleVerifier [0x0051B75A+1396954]&#10;	GetHandleVerifier [0x0051B3D9+1396057]&#10;	GetHandleVerifier [0x00527126+1444518]&#10;	GetHandleVerifier [0x0051BCE8+1398376]&#10;	Ordinal0 [0x002A7F51+2064209]&#10;	Ordinal0 [0x002B22EB+2106091]&#10;	Ordinal0 [0x002B2411+2106385]&#10;	Ordinal0 [0x002C49C4+2181572]&#10;	BaseThreadInitThunk [0x77306359+25]&#10;	RtlGetAppContainerNamedObjectPath [0x77648944+228]&#10;	RtlGetAppContainerNamedObjectPath [0x77648914+180]&#10;	(No symbol) [0x00000000]&#10;"/>
  </testcase>
  <testcase name="BaseIntialization[tasnim, 147](2)" classname="framework.FrameworkBuild.HomePage" time="0">
    <skipped message="unknown error: Chrome failed to start: exited normally.&#10;  (unknown error: DevToolsActivePort file doesn&apos;t exist)&#10;  (The process started from chrome location C:\Users\DELL Inspiron 5570\AppData\Local\Google\Chrome\Application\chrome.exe is no longer running, so ChromeDriver is assuming that Chrome has crashed.)&#10;Build info: version: &apos;3.141.59&apos;, revision: &apos;e82be7d358&apos;, time: &apos;2018-11-14T08:17:03&apos;&#10;System info: host: &apos;DELLINSPIRON15&apos;, ip: &apos;192.168.0.104&apos;, os.name: &apos;Windows 10&apos;, os.arch: &apos;amd64&apos;, os.version: &apos;10.0&apos;, java.version: &apos;1.8.0_261&apos;&#10;Driver info: driver.version: ChromeDriver&#10;remote stacktrace: Backtrace:&#10;	Ordinal0 [0x003AD383+3134339]&#10;	Ordinal0 [0x0029A171+2007409]&#10;	Ordinal0 [0x0013AEE8+569064]&#10;	Ordinal0 [0x000BD721+55073]&#10;	Ordinal0 [0x000E0DFC+200188]&#10;	Ordinal0 [0x000E0C1D+199709]&#10;	Ordinal0 [0x000DEB0B+191243]&#10;	Ordinal0 [0x000C2E77+77431]&#10;	Ordinal0 [0x000C3E3E+81470]&#10;	Ordinal0 [0x000C3DC9+81353]&#10;	Ordinal0 [0x002B0CD9+2100441]&#10;	GetHandleVerifier [0x0051B75A+1396954]&#10;	GetHandleVerifier [0x0051B3D9+1396057]&#10;	GetHandleVerifier [0x00527126+1444518]&#10;	GetHandleVerifier [0x0051BCE8+1398376]&#10;	Ordinal0 [0x002A7F51+2064209]&#10;	Ordinal0 [0x002B22EB+2106091]&#10;	Ordinal0 [0x002B2411+2106385]&#10;	Ordinal0 [0x002C49C4+2181572]&#10;	BaseThreadInitThunk [0x77306359+25]&#10;	RtlGetAppContainerNamedObjectPath [0x77648944+228]&#10;	RtlGetAppContainerNamedObjectPath [0x77648914+180]&#10;	(No symbol) [0x00000000]&#10;"/>
  </testcase>
  <testcase name="TearDown" classname="framework.FrameworkBuild.HomePage" time="0">
    <skipped/>
  </testcase>
  <testcase name="IniialiseDriver" classname="framework.FrameworkBuild.ValidateTitle" time="4.098">
    <failure message="session not created: This version of ChromeDriver only supports Chrome version 85&#10;Build info: version: &apos;3.141.59&apos;, revision: &apos;e82be7d358&apos;, time: &apos;2018-11-14T08:17:03&apos;&#10;System info: host: &apos;DELLINSPIRON15&apos;, ip: &apos;192.168.0.104&apos;, os.name: &apos;Windows 10&apos;, os.arch: &apos;amd64&apos;, os.version: &apos;10.0&apos;, java.version: &apos;1.8.0_261&apos;&#10;Driver info: driver.version: ChromeDriver&#10;remote stacktrace: Backtrace:&#10;	Ordinal0 [0x003AD383+3134339]&#10;	Ordinal0 [0x0029A171+2007409]&#10;	Ordinal0 [0x0013AEE8+569064]&#10;	Ordinal0 [0x000C139F+70559]&#10;	Ordinal0 [0x000BCC63+52323]&#10;	Ordinal0 [0x000E0DFC+200188]&#10;	Ordinal0 [0x000E0C1D+199709]&#10;	Ordinal0 [0x000DEB0B+191243]&#10;	Ordinal0 [0x000C2E77+77431]&#10;	Ordinal0 [0x000C3E3E+81470]&#10;	Ordinal0 [0x000C3DC9+81353]&#10;	Ordinal0 [0x002B0CD9+2100441]&#10;	GetHandleVerifier [0x0051B75A+1396954]&#10;	GetHandleVerifier [0x0051B3D9+1396057]&#10;	GetHandleVerifier [0x00527126+1444518]&#10;	GetHandleVerifier [0x0051BCE8+1398376]&#10;	Ordinal0 [0x002A7F51+2064209]&#10;	Ordinal0 [0x002B22EB+2106091]&#10;	Ordinal0 [0x002B2411+2106385]&#10;	Ordinal0 [0x002C49C4+2181572]&#10;	BaseThreadInitThunk [0x77306359+25]&#10;	RtlGetAppContainerNamedObjectPath [0x77648944+228]&#10;	RtlGetAppContainerNamedObjectPath [0x77648914+180]&#10;	(No symbol) [0x00000000]&#10;" type="org.openqa.selenium.SessionNotCreatedException"><![CDATA[org.openqa.selenium.SessionNotCreatedException: 
session not created: This version of ChromeDriver only supports Chrome version 85
Build info: version: '3.141.59', revision: 'e82be7d358', time: '2018-11-14T08:17:03'
System info: host: 'DELLINSPIRON15', ip: '192.168.0.104', os.name: 'Windows 10', os.arch: 'amd64', os.version: '10.0', java.version: '1.8.0_261'
Driver info: driver.version: ChromeDriver
remote stacktrace: Backtrace:
	Ordinal0 [0x003AD383+3134339]
	Ordinal0 [0x0029A171+2007409]
	Ordinal0 [0x0013AEE8+569064]
	Ordinal0 [0x000C139F+70559]
	Ordinal0 [0x000BCC63+52323]
	Ordinal0 [0x000E0DFC+200188]
	Ordinal0 [0x000E0C1D+199709]
	Ordinal0 [0x000DEB0B+191243]
	Ordinal0 [0x000C2E77+77431]
	Ordinal0 [0x000C3E3E+81470]
	Ordinal0 [0x000C3DC9+81353]
	Ordinal0 [0x002B0CD9+2100441]
	GetHandleVerifier [0x0051B75A+1396954]
	GetHandleVerifier [0x0051B3D9+1396057]
	GetHandleVerifier [0x00527126+1444518]
	GetHandleVerifier [0x0051BCE8+1398376]
	Ordinal0 [0x002A7F51+2064209]
	Ordinal0 [0x002B22EB+2106091]
	Ordinal0 [0x002B2411+2106385]
	Ordinal0 [0x002C49C4+2181572]
	BaseThreadInitThunk [0x77306359+25]
	RtlGetAppContainerNamedObjectPath [0x77648944+228]
	RtlGetAppContainerNamedObjectPath [0x77648914+180]
	(No symbol) [0x00000000]

	at framework.FrameworkBuild.ValidateTitle.IniialiseDriver(ValidateTitle.java:23)
]]></failure>
    <system-out><![CDATA[chrome
]]></system-out>
    <system-err><![CDATA[Starting ChromeDriver 85.0.4183.87 (cd6713ebf92fa1cacc0f1a598df280093af0c5d7-refs/branch-heads/4183@{#1689}) on port 46491
Only local connections are allowed.
Please see https://chromedriver.chromium.org/security-considerations for suggestions on keeping ChromeDriver safe.
ChromeDriver was started successfully.
]]></system-err>
  </testcase>
  <testcase name="basNavigationBar" classname="framework.FrameworkBuild.ValidateTitle" time="0">
    <skipped message="session not created: This version of ChromeDriver only supports Chrome version 85&#10;Build info: version: &apos;3.141.59&apos;, revision: &apos;e82be7d358&apos;, time: &apos;2018-11-14T08:17:03&apos;&#10;System info: host: &apos;DELLINSPIRON15&apos;, ip: &apos;192.168.0.104&apos;, os.name: &apos;Windows 10&apos;, os.arch: &apos;amd64&apos;, os.version: &apos;10.0&apos;, java.version: &apos;1.8.0_261&apos;&#10;Driver info: driver.version: ChromeDriver&#10;remote stacktrace: Backtrace:&#10;	Ordinal0 [0x003AD383+3134339]&#10;	Ordinal0 [0x0029A171+2007409]&#10;	Ordinal0 [0x0013AEE8+569064]&#10;	Ordinal0 [0x000C139F+70559]&#10;	Ordinal0 [0x000BCC63+52323]&#10;	Ordinal0 [0x000E0DFC+200188]&#10;	Ordinal0 [0x000E0C1D+199709]&#10;	Ordinal0 [0x000DEB0B+191243]&#10;	Ordinal0 [0x000C2E77+77431]&#10;	Ordinal0 [0x000C3E3E+81470]&#10;	Ordinal0 [0x000C3DC9+81353]&#10;	Ordinal0 [0x002B0CD9+2100441]&#10;	GetHandleVerifier [0x0051B75A+1396954]&#10;	GetHandleVerifier [0x0051B3D9+1396057]&#10;	GetHandleVerifier [0x00527126+1444518]&#10;	GetHandleVerifier [0x0051BCE8+1398376]&#10;	Ordinal0 [0x002A7F51+2064209]&#10;	Ordinal0 [0x002B22EB+2106091]&#10;	Ordinal0 [0x002B2411+2106385]&#10;	Ordinal0 [0x002C49C4+2181572]&#10;	BaseThreadInitThunk [0x77306359+25]&#10;	RtlGetAppContainerNamedObjectPath [0x77648944+228]&#10;	RtlGetAppContainerNamedObjectPath [0x77648914+180]&#10;	(No symbol) [0x00000000]&#10;"/>
  </testcase>
  <testcase name="TearDown" classname="framework.FrameworkBuild.ValidateTitle" time="0">
    <skipped/>
  </testcase>
</testsuite>