<?xml version="1.0" encoding="UTF-8"?>
<testng-results ignored="0" total="1" passed="1" failed="0" skipped="0">
  <reporter-output>
  </reporter-output>
  <suite started-at="2020-12-21T17:51:12Z" name="Default suite" finished-at="2020-12-21T17:51:31Z" duration-ms="19179">
    <groups>
    </groups>
    <test started-at="2020-12-21T17:51:12Z" name="Default test" finished-at="2020-12-21T17:51:31Z" duration-ms="19179">
      <class name="framework.FrameworkBuild.UploadandDownloadFile">
        <test-method signature="UploadDownload()[pri:0, instance:framework.FrameworkBuild.UploadandDownloadFile@399c4be1]" started-at="2020-12-21T23:21:12Z" name="UploadDownload" finished-at="2020-12-21T23:21:31Z" duration-ms="19163" status="PASS">
          <reporter-output>
          </reporter-output>
        </test-method> <!-- UploadDownload -->
      </class> <!-- framework.FrameworkBuild.UploadandDownloadFile -->
    </test> <!-- Default test -->
  </suite> <!-- Default suite -->
</testng-results>
